<?xml version="1.0" encoding="UTF-8"?>
<testng-results ignored="0" total="1" passed="1" failed="0" skipped="0">
  <reporter-output>
  </reporter-output>
  <suite started-at="2023-03-02T15:24:50 IST" name="Default suite" finished-at="2023-03-02T15:24:55 IST" duration-ms="5185">
    <groups>
    </groups>
    <test started-at="2023-03-02T15:24:50 IST" name="Default test" finished-at="2023-03-02T15:24:55 IST" duration-ms="5185">
      <class name="com.lws.action.facebook">
        <test-method signature="lanuch()[pri:0, instance:com.lws.action.facebook@223aa2f7]" started-at="2023-03-02T15:24:50 IST" name="lanuch" finished-at="2023-03-02T15:24:55 IST" duration-ms="5116" status="PASS">
          <reporter-output>
          </reporter-output>
        </test-method> <!-- lanuch -->
      </class> <!-- com.lws.action.facebook -->
    </test> <!-- Default test -->
  </suite> <!-- Default suite -->
</testng-results>
